\BOOKMARK [-1][-]{part.1}{\376\377\000I\000\040\000A\000b\000l\000a\000u\000f\000,\000\040\000O\000r\000g\000a\000n\000i\000s\000a\000t\000i\000o\000n\000\040\000u\000n\000d\000\040\000U\000m\000f\000e\000l\000d}{}% 1
\BOOKMARK [0][-]{chapter.1}{\376\377\000A\000u\000f\000g\000a\000b\000e\000n\000s\000t\000e\000l\000l\000u\000n\000g}{part.1}% 2
\BOOKMARK [1][-]{section.1.1}{\376\377\000T\000i\000t\000e\000l\000\040\000d\000e\000r\000\040\000A\000r\000b\000e\000i\000t}{chapter.1}% 3
\BOOKMARK [1][-]{section.1.2}{\376\377\000A\000u\000s\000g\000a\000n\000g\000s\000l\000a\000g\000e}{chapter.1}% 4
\BOOKMARK [1][-]{section.1.3}{\376\377\000D\000e\000t\000a\000i\000l\000l\000i\000e\000r\000t\000e\000\040\000A\000u\000f\000g\000a\000b\000e\000n\000s\000t\000e\000l\000l\000u\000n\000g}{chapter.1}% 5
\BOOKMARK [2][-]{subsection.1.3.1}{\376\377\000M\000i\000t\000t\000e\000l\000\040\000u\000n\000d\000\040\000M\000e\000t\000h\000o\000d\000e\000n}{section.1.3}% 6
\BOOKMARK [2][-]{subsection.1.3.2}{\376\377\000V\000o\000r\000k\000e\000n\000n\000t\000n\000i\000s\000s\000e}{section.1.3}% 7
\BOOKMARK [2][-]{subsection.1.3.3}{\376\377\000V\000o\000r\000a\000r\000b\000e\000i\000t\000e\000n}{section.1.3}% 8
\BOOKMARK [2][-]{subsection.1.3.4}{\376\377\000N\000e\000u\000e\000\040\000L\000e\000r\000n\000i\000n\000h\000a\000l\000t\000e}{section.1.3}% 9
\BOOKMARK [2][-]{subsection.1.3.5}{\376\377\000A\000r\000b\000e\000i\000t\000e\000n\000\040\000i\000n\000\040\000d\000e\000n\000\040\000l\000e\000t\000z\000t\000e\000n\000\040\0006\000\040\000M\000o\000n\000a\000t\000e\000n}{section.1.3}% 10
\BOOKMARK [0][-]{chapter.2}{\376\377\000F\000i\000r\000m\000e\000n\000s\000t\000a\000n\000d\000a\000r\000d\000s}{part.1}% 11
\BOOKMARK [1][-]{section.2.1}{\376\377\000C\000o\000d\000e\000\040\000c\000o\000n\000v\000e\000n\000t\000i\000o\000n\000s}{chapter.2}% 12
\BOOKMARK [2][-]{subsection.2.1.1}{\376\377\000M\000e\000h\000r\000s\000p\000r\000a\000c\000h\000i\000g\000k\000e\000i\000t}{section.2.1}% 13
\BOOKMARK [2][-]{subsection.2.1.2}{\376\377\000L\000i\000z\000e\000n\000z}{section.2.1}% 14
\BOOKMARK [1][-]{section.2.2}{\376\377\000G\000i\000t\000\040\000C\000o\000m\000m\000i\000t\000\040\000M\000e\000s\000s\000a\000g\000e\000\040\000C\000o\000n\000v\000e\000n\000t\000i\000o\000n\000s}{chapter.2}% 15
\BOOKMARK [0][-]{chapter.3}{\376\377\000I\000P\000A\000-\000S\000c\000h\000u\000t\000z\000b\000e\000d\000a\000r\000f\000a\000n\000a\000l\000y\000s\000e}{part.1}% 16
\BOOKMARK [1][-]{section.3.1}{\376\377\000D\000a\000t\000e\000n\000s\000i\000c\000h\000e\000r\000h\000e\000i\000t}{chapter.3}% 17
\BOOKMARK [1][-]{section.3.2}{\376\377\000A\000p\000p\000l\000i\000k\000a\000t\000i\000o\000n\000s\000s\000i\000c\000h\000e\000r\000h\000e\000i\000t}{chapter.3}% 18
\BOOKMARK [0][-]{chapter.4}{\376\377\000O\000r\000g\000a\000n\000i\000s\000a\000t\000i\000o\000n\000\040\000d\000e\000r\000\040\000I\000P\000A\000-\000E\000r\000g\000e\000b\000n\000i\000s\000s\000e}{part.1}% 19
\BOOKMARK [1][-]{section.4.1}{\376\377\000D\000a\000t\000e\000n\000s\000i\000c\000h\000e\000r\000u\000n\000g}{chapter.4}% 20
\BOOKMARK [2][-]{subsection.4.1.1}{\376\377\000D\000o\000k\000u\000m\000e\000n\000t\000a\000t\000i\000o\000n}{section.4.1}% 21
\BOOKMARK [2][-]{subsection.4.1.2}{\376\377\000C\000o\000d\000e}{section.4.1}% 22
\BOOKMARK [2][-]{subsection.4.1.3}{\376\377\000W\000i\000e\000d\000e\000r\000h\000e\000r\000s\000t\000e\000l\000l\000u\000n\000g\000\040\000d\000e\000s\000\040\000C\000o\000d\000e\000s}{section.4.1}% 23
\BOOKMARK [1][-]{section.4.2}{\376\377\000\304\000n\000d\000e\000r\000u\000n\000g\000s\000k\000o\000n\000t\000r\000o\000l\000l\000e}{chapter.4}% 24
\BOOKMARK [0][-]{chapter.5}{\376\377\000P\000r\000o\000j\000e\000k\000t\000m\000e\000t\000h\000o\000d\000e}{part.1}% 25
\BOOKMARK [1][-]{section.5.1}{\376\377\000E\000i\000n\000s\000a\000t\000z\000\040\000v\000o\000n\000\040\000S\000c\000r\000u\000m}{chapter.5}% 26
\BOOKMARK [2][-]{subsection.5.1.1}{\376\377\000S\000p\000r\000i\000n\000t\000s}{section.5.1}% 27
\BOOKMARK [2][-]{subsection.5.1.2}{\376\377\000V\000e\000r\000w\000a\000l\000t\000u\000n\000g\000s\000t\000o\000o\000l}{section.5.1}% 28
\BOOKMARK [2][-]{subsection.5.1.3}{\376\377\000M\000e\000e\000t\000i\000n\000g\000s}{section.5.1}% 29
\BOOKMARK [2][-]{subsection.5.1.4}{\376\377\000A\000b\000w\000e\000i\000c\000h\000u\000n\000g\000e\000n}{section.5.1}% 30
\BOOKMARK [1][-]{section.5.2}{\376\377\000D\000e\000f\000i\000n\000i\000t\000i\000o\000n\000\040\000o\000f\000\040\000D\000o\000n\000e}{chapter.5}% 31
\BOOKMARK [2][-]{subsection.5.2.1}{\376\377\000D\000o\000D\000\040\000C\000o\000d\000e}{section.5.2}% 32
\BOOKMARK [2][-]{subsection.5.2.2}{\376\377\000D\000o\000D\000\040\000D\000o\000k\000u\000m\000e\000n\000t\000a\000t\000i\000o\000n}{section.5.2}% 33
\BOOKMARK [2][-]{subsection.5.2.3}{\376\377\000A\000k\000z\000e\000p\000t\000a\000n\000z\000k\000r\000i\000t\000e\000r\000i\000e\000n}{section.5.2}% 34
\BOOKMARK [1][-]{section.5.3}{\376\377\000V\000e\000r\000w\000e\000n\000d\000u\000n\000g\000s\000g\000r\000u\000n\000d}{chapter.5}% 35
\BOOKMARK [0][-]{chapter.6}{\376\377\000P\000r\000o\000j\000e\000k\000t\000a\000u\000f\000b\000a\000u\000o\000r\000g\000a\000n\000i\000s\000a\000t\000i\000o\000n}{part.1}% 36
\BOOKMARK [1][-]{section.6.1}{\376\377\000P\000r\000o\000j\000e\000k\000t\000r\000o\000l\000l\000e\000n\000\040\000S\000c\000r\000u\000m}{chapter.6}% 37
\BOOKMARK [1][-]{section.6.2}{\376\377\000P\000r\000o\000j\000e\000k\000t\000r\000o\000l\000l\000e\000n\000\040\000I\000P\000A}{chapter.6}% 38
\BOOKMARK [1][-]{section.6.3}{\376\377\000P\000r\000o\000j\000e\000k\000t\000r\000o\000l\000l\000e\000n\000\040\000S\000c\000r\000u\000m\000\040\000i\000n\000\040\000d\000e\000r\000\040\000I\000P\000A}{chapter.6}% 39
\BOOKMARK [0][-]{chapter.7}{\376\377\000P\000r\000o\000j\000e\000k\000t\000r\000i\000s\000i\000k\000e\000n}{part.1}% 40
\BOOKMARK [1][-]{section.7.1}{\376\377\000R\000i\000s\000i\000k\000o\000a\000n\000a\000l\000y\000s\000e}{chapter.7}% 41
\BOOKMARK [1][-]{section.7.2}{\376\377\000R\000i\000s\000i\000k\000o\000m\000a\000t\000r\000i\000x}{chapter.7}% 42
\BOOKMARK [0][-]{chapter.8}{\376\377\000Z\000e\000i\000t\000p\000l\000a\000n}{part.1}% 43
\BOOKMARK [1][-]{section.8.1}{\376\377\000E\000r\000l\000\344\000u\000t\000e\000r\000u\000n\000g\000\040\000z\000u\000m\000\040\000Z\000e\000i\000t\000p\000l\000a\000n}{chapter.8}% 44
\BOOKMARK [1][-]{section.8.2}{\376\377\000S\000p\000r\000i\000n\000t\000s}{chapter.8}% 45
\BOOKMARK [0][-]{chapter.9}{\376\377\000A\000r\000b\000e\000i\000t\000s\000j\000o\000u\000r\000n\000a\000l\000e}{part.1}% 46
\BOOKMARK [1][-]{section.9.1}{\376\377\000T\000a\000g\000\040\0001\000:\000\040\0000\0004\000.\0000\0003\000.\0002\0000\0002\0005}{chapter.9}% 47
\BOOKMARK [1][-]{section.9.2}{\376\377\000T\000a\000g\000\040\0002\000:\000\040\0000\0005\000.\0000\0003\000.\0002\0000\0002\0005}{chapter.9}% 48
\BOOKMARK [1][-]{section.9.3}{\376\377\000T\000a\000g\000\040\0003\000:\000\040\0000\0006\000.\0000\0003\000.\0002\0000\0002\0005}{chapter.9}% 49
\BOOKMARK [1][-]{section.9.4}{\376\377\000T\000a\000g\000\040\0004\000:\000\040\0000\0007\000.\0000\0003\000.\0002\0000\0002\0005}{chapter.9}% 50
\BOOKMARK [1][-]{section.9.5}{\376\377\000T\000a\000g\000\040\0005\000:\000\040\0001\0001\000.\0000\0003\000.\0002\0000\0002\0005}{chapter.9}% 51
\BOOKMARK [1][-]{section.9.6}{\376\377\000T\000a\000g\000\040\0006\000:\000\040\0001\0002\000.\0000\0003\000.\0002\0000\0002\0005}{chapter.9}% 52
\BOOKMARK [1][-]{section.9.7}{\376\377\000T\000a\000g\000\040\0007\000:\000\040\000D\000a\000t\000u\000m}{chapter.9}% 53
\BOOKMARK [1][-]{section.9.8}{\376\377\000T\000a\000g\000\040\0008\000:\000\040\000D\000a\000t\000u\000m}{chapter.9}% 54
\BOOKMARK [1][-]{section.9.9}{\376\377\000T\000a\000g\000\040\0009\000:\000\040\000D\000a\000t\000u\000m}{chapter.9}% 55
\BOOKMARK [1][-]{section.9.10}{\376\377\000T\000a\000g\000\040\0001\0000\000:\000\040\000D\000a\000t\000u\000m}{chapter.9}% 56
\BOOKMARK [1][-]{section.9.11}{\376\377\000T\000a\000g\000\040\0001\0001\000:\000\040\000D\000a\000t\000u\000m}{chapter.9}% 57
\BOOKMARK [1][-]{section.9.12}{\376\377\000T\000a\000g\000\040\0001\0002\000:\000\040\000D\000a\000t\000u\000m}{chapter.9}% 58
\BOOKMARK [0][-]{chapter.10}{\376\377\000P\000e\000r\000s\000\366\000n\000l\000i\000c\000h\000e\000s\000\040\000F\000a\000z\000i\000t}{part.1}% 59
\BOOKMARK [1][-]{section.10.1}{\376\377\000W\000a\000s\000\040\000l\000i\000e\000f\000\040\000w\000e\000n\000i\000g\000e\000r\000\040\000g\000u\000t}{chapter.10}% 60
\BOOKMARK [1][-]{section.10.2}{\376\377\000W\000a\000s\000\040\000l\000i\000e\000f\000\040\000g\000u\000t}{chapter.10}% 61
\BOOKMARK [1][-]{section.10.3}{\376\377\000S\000c\000h\000l\000u\000s\000s\000r\000e\000f\000l\000e\000x\000i\000o\000n}{chapter.10}% 62
\BOOKMARK [-1][-]{part.2}{\376\377\000I\000I\000\040\000P\000r\000o\000j\000e\000k\000t\000d\000o\000k\000u\000m\000e\000n\000t\000a\000t\000i\000o\000n}{}% 63
\BOOKMARK [0][-]{chapter.11}{\376\377\000E\000i\000n\000f\000\374\000h\000r\000u\000n\000g}{part.2}% 64
\BOOKMARK [0][-]{chapter.12}{\376\377\000A\000n\000a\000l\000y\000s\000e}{part.2}% 65
\BOOKMARK [1][-]{section.12.1}{\376\377\000I\000s\000t\000-\000Z\000u\000s\000t\000a\000n\000d}{chapter.12}% 66
\BOOKMARK [2][-]{subsection.12.1.1}{\376\377\000P\000e\000r\000s\000o\000n\000e\000n}{section.12.1}% 67
\BOOKMARK [2][-]{subsection.12.1.2}{\376\377\000A\000b\000o\000n\000n\000e\000m\000e\000n\000t\000e}{section.12.1}% 68
\BOOKMARK [1][-]{section.12.2}{\376\377\000S\000o\000l\000l\000-\000Z\000u\000s\000t\000a\000n\000d}{chapter.12}% 69
\BOOKMARK [2][-]{subsection.12.2.1}{\376\377\000A\000n\000z\000e\000i\000g\000e\000m\000a\000s\000k\000e\000n}{section.12.2}% 70
\BOOKMARK [2][-]{subsection.12.2.2}{\376\377\000B\000e\000a\000r\000b\000e\000i\000t\000u\000n\000g\000s\000m\000a\000s\000k\000e\000n}{section.12.2}% 71
\BOOKMARK [1][-]{section.12.3}{\376\377\000F\000e\000h\000l\000e\000n\000d\000e\000\040\000I\000n\000f\000o\000r\000m\000a\000t\000i\000o\000n\000e\000n}{chapter.12}% 72
\BOOKMARK [1][-]{section.12.4}{\376\377\000B\000e\000d\000\374\000r\000f\000n\000i\000s\000e\000r\000h\000e\000b\000u\000n\000g}{chapter.12}% 73
\BOOKMARK [2][-]{subsection.12.4.1}{\376\377\000Z\000i\000e\000l\000s\000e\000t\000z\000u\000n\000g\000\040\000u\000n\000d\000\040\000P\000l\000a\000n\000u\000n\000g}{section.12.4}% 74
\BOOKMARK [2][-]{subsection.12.4.2}{\376\377\000M\000e\000t\000h\000o\000d\000e\000n\000w\000a\000h\000l}{section.12.4}% 75
\BOOKMARK [2][-]{subsection.12.4.3}{\376\377\000F\000r\000a\000g\000e\000n\000k\000a\000t\000a\000l\000o\000g}{section.12.4}% 76
\BOOKMARK [2][-]{subsection.12.4.4}{\376\377\000A\000b\000l\000a\000u\000f\000s\000p\000r\000o\000t\000o\000k\000o\000l\000l}{section.12.4}% 77
\BOOKMARK [2][-]{subsection.12.4.5}{\376\377\000A\000u\000s\000w\000e\000r\000t\000u\000n\000g}{section.12.4}% 78
\BOOKMARK [0][-]{chapter.13}{\376\377\000R\000i\000s\000i\000k\000o\000a\000n\000a\000l\000y\000s\000e\000\040\000u\000n\000d\000\040\000S\000i\000c\000h\000e\000r\000h\000e\000i\000t\000s\000m\000a\000s\000s\000n\000a\000h\000m\000e\000n}{part.2}% 79
\BOOKMARK [1][-]{section.13.1}{\376\377\000S\000c\000h\000n\000i\000t\000t\000s\000t\000e\000l\000l\000e\000n}{chapter.13}% 80
\BOOKMARK [1][-]{section.13.2}{\376\377\000B\000e\000n\000u\000t\000z\000e\000r\000\040\000u\000n\000d\000\040\000D\000a\000t\000e\000n\000z\000u\000g\000r\000i\000f\000f\000e}{chapter.13}% 81
\BOOKMARK [2][-]{subsection.13.2.1}{\376\377\000D\000a\000t\000e\000n\000s\000t\000r\000u\000k\000t\000u\000r}{section.13.2}% 82
\BOOKMARK [2][-]{subsection.13.2.2}{\376\377\000B\000e\000i\000s\000p\000i\000e\000l\000\040\000Z\000u\000g\000r\000i\000f\000f\000\040\000H\000e\000i\000n\000z}{section.13.2}% 83
\BOOKMARK [2][-]{subsection.13.2.3}{\376\377\000B\000e\000i\000s\000p\000i\000e\000l\000\040\000Z\000u\000g\000r\000i\000f\000f\000\040\000T\000i\000m}{section.13.2}% 84
\BOOKMARK [2][-]{subsection.13.2.4}{\376\377\000B\000e\000i\000s\000p\000i\000e\000l\000\040\000Z\000u\000g\000r\000i\000f\000f\000\040\000R\000u\000d\000o\000l\000f}{section.13.2}% 85
\BOOKMARK [2][-]{subsection.13.2.5}{\376\377\000B\000e\000d\000e\000u\000t\000u\000n\000g\000\040\000f\000\374\000r\000\040\000d\000i\000e\000\040\000S\000c\000h\000n\000i\000t\000t\000s\000t\000e\000l\000l\000e\000n}{section.13.2}% 86
\BOOKMARK [2][-]{subsection.13.2.6}{\376\377\000R\000i\000s\000i\000k\000o\000a\000n\000a\000l\000y\000s\000e}{section.13.2}% 87
\BOOKMARK [1][-]{section.13.3}{\376\377\000R\000i\000s\000i\000k\000o\000m\000a\000t\000r\000i\000x}{chapter.13}% 88
\BOOKMARK [1][-]{section.13.4}{\376\377\000A\000u\000s\000w\000e\000r\000t\000u\000n\000g}{chapter.13}% 89
\BOOKMARK [1][-]{section.13.5}{\376\377\000A\000n\000f\000o\000r\000d\000e\000r\000u\000n\000g\000e\000n}{chapter.13}% 90
\BOOKMARK [2][-]{subsection.13.5.1}{\376\377\000N\000i\000c\000h\000t\000\040\000f\000u\000n\000k\000t\000i\000o\000n\000a\000l\000e\000\040\000A\000n\000f\000o\000r\000d\000e\000r\000u\000n\000g\000e\000n}{section.13.5}% 91
\BOOKMARK [2][-]{subsection.13.5.2}{\376\377\000F\000u\000n\000k\000t\000i\000o\000n\000a\000l\000e\000\040\000A\000n\000f\000o\000r\000d\000e\000r\000u\000n\000g\000e\000n}{section.13.5}% 92
\BOOKMARK [1][-]{section.13.6}{\376\377\000A\000b\000g\000r\000e\000n\000z\000u\000n\000g}{chapter.13}% 93
\BOOKMARK [1][-]{section.13.7}{\376\377\000P\000e\000r\000s\000\366\000n\000l\000i\000c\000h\000e\000\040\000V\000o\000r\000g\000e\000h\000e\000n\000s\000z\000i\000e\000l\000e}{chapter.13}% 94
\BOOKMARK [0][-]{chapter.14}{\376\377\000E\000n\000t\000w\000u\000r\000f}{part.2}% 95
\BOOKMARK [1][-]{section.14.1}{\376\377\000A\000n\000w\000e\000n\000d\000u\000n\000g\000s\000k\000o\000n\000z\000e\000p\000t}{chapter.14}% 96
\BOOKMARK [2][-]{subsection.14.1.1}{\376\377\000A\000n\000w\000e\000n\000d\000u\000n\000g\000s\000d\000i\000a\000g\000r\000a\000m}{section.14.1}% 97
\BOOKMARK [2][-]{subsection.14.1.2}{\376\377\000A\000n\000w\000e\000n\000d\000u\000n\000g\000s\000f\000\344\000l\000l\000e}{section.14.1}% 98
\BOOKMARK [1][-]{section.14.2}{\376\377\000S\000y\000s\000t\000e\000m\000k\000o\000n\000z\000e\000p\000t}{chapter.14}% 99
\BOOKMARK [2][-]{subsection.14.2.1}{\376\377\000B\000e\000t\000r\000o\000f\000f\000e\000n\000e\000\040\000S\000e\000r\000v\000i\000c\000e\000s}{section.14.2}% 100
\BOOKMARK [2][-]{subsection.14.2.2}{\376\377\000L\000\366\000s\000u\000n\000g\000s\000v\000a\000r\000i\000a\000n\000t\000e\000n}{section.14.2}% 101
\BOOKMARK [2][-]{subsection.14.2.3}{\376\377\000V\000a\000r\000i\000a\000n\000t\000e\000n\000e\000n\000t\000s\000c\000h\000e\000i\000d}{section.14.2}% 102
\BOOKMARK [1][-]{section.14.3}{\376\377\000S\000i\000c\000h\000e\000r\000h\000e\000i\000t\000s\000k\000o\000n\000z\000e\000p\000t}{chapter.14}% 103
\BOOKMARK [2][-]{subsection.14.3.1}{\376\377\000S\000Q\000L\000-\000I\000n\000j\000e\000c\000t\000i\000o\000n}{section.14.3}% 104
\BOOKMARK [2][-]{subsection.14.3.2}{\376\377\000C\000r\000o\000s\000s\000-\000S\000i\000t\000e\000\040\000S\000c\000r\000i\000p\000t\000i\000n\000g}{section.14.3}% 105
\BOOKMARK [2][-]{subsection.14.3.3}{\376\377\000U\000R\000L\000\040\000I\000n\000t\000e\000r\000p\000r\000e\000t\000a\000t\000i\000o\000n}{section.14.3}% 106
\BOOKMARK [2][-]{subsection.14.3.4}{\376\377\000K\000o\000m\000m\000u\000n\000i\000k\000a\000t\000i\000o\000n\000\040\000H\000T\000T\000P\000/\000S}{section.14.3}% 107
\BOOKMARK [1][-]{section.14.4}{\376\377\000F\000e\000h\000l\000e\000r\000b\000e\000h\000a\000n\000d\000l\000u\000n\000g\000s\000k\000o\000n\000z\000e\000p\000t}{chapter.14}% 108
\BOOKMARK [2][-]{subsection.14.4.1}{\376\377\000N\000u\000t\000z\000e\000r\000e\000i\000n\000g\000a\000b\000e}{section.14.4}% 109
\BOOKMARK [2][-]{subsection.14.4.2}{\376\377\000L\000a\000u\000f\000z\000e\000i\000t\000f\000e\000h\000l\000e\000r}{section.14.4}% 110
\BOOKMARK [2][-]{subsection.14.4.3}{\376\377\000E\000x\000c\000e\000p\000t\000i\000o\000n\000\040\000H\000a\000n\000d\000l\000i\000n\000g}{section.14.4}% 111
\BOOKMARK [1][-]{section.14.5}{\376\377\000T\000e\000s\000t\000s\000e\000t\000u\000p}{chapter.14}% 112
\BOOKMARK [1][-]{section.14.6}{\376\377\000T\000e\000s\000t\000k\000o\000n\000z\000e\000p\000t}{chapter.14}% 113
\BOOKMARK [2][-]{subsection.14.6.1}{\376\377\000T\000e\000s\000t\000i\000n\000f\000r\000a\000s\000t\000r\000u\000k\000t\000u\000r}{section.14.6}% 114
\BOOKMARK [2][-]{subsection.14.6.2}{\376\377\000F\000e\000h\000l\000e\000r\000k\000l\000a\000s\000s\000e\000n}{section.14.6}% 115
\BOOKMARK [2][-]{subsection.14.6.3}{\376\377\000M\000a\000n\000u\000e\000l\000l\000e\000\040\000T\000e\000s\000t\000s}{section.14.6}% 116
\BOOKMARK [2][-]{subsection.14.6.4}{\376\377\000A\000u\000t\000o\000m\000a\000t\000i\000s\000i\000e\000r\000t\000e\000\040\000T\000e\000s\000t\000s}{section.14.6}% 117
\BOOKMARK [2][-]{subsection.14.6.5}{\376\377\000B\000e\000g\000r\000\374\000n\000d\000u\000n\000g\000\040\000d\000e\000r\000\040\000T\000e\000s\000t\000w\000a\000h\000l}{section.14.6}% 118
\BOOKMARK [0][-]{chapter.15}{\376\377\000A\000b\000s\000c\000h\000l\000u\000s\000s\000\040\000S\000p\000r\000i\000n\000t\000\040\0001}{part.2}% 119
\BOOKMARK [1][-]{section.15.1}{\376\377\000S\000p\000r\000i\000n\000t\000\040\000D\000i\000a\000g\000r\000a\000m\000m\000e}{chapter.15}% 120
\BOOKMARK [2][-]{subsection.15.1.1}{\376\377\000B\000u\000r\000n\000u\000p}{section.15.1}% 121
\BOOKMARK [2][-]{subsection.15.1.2}{\376\377\000U\000s\000e\000r\000\040\000S\000t\000o\000r\000y\000\040\000c\000h\000a\000r\000t}{section.15.1}% 122
\BOOKMARK [0][-]{chapter.16}{\376\377\000U\000m\000s\000e\000t\000z\000u\000n\000g}{part.2}% 123
\BOOKMARK [1][-]{section.16.1}{\376\377\000E\000i\000n\000s\000a\000t\000z\000\040\000v\000o\000n\000\040\000K\000I\000-\000M\000o\000d\000e\000l\000l\000e\000n}{chapter.16}% 124
\BOOKMARK [1][-]{section.16.2}{\376\377\000G\000e\000m\000s}{chapter.16}% 125
\BOOKMARK [2][-]{subsection.16.2.1}{\376\377\000c\000a\000n\000-\000c\000a\000n\000-\000c\000a\000n}{section.16.2}% 126
\BOOKMARK [2][-]{subsection.16.2.2}{\376\377\000d\000r\000y\000-\000c\000r\000u\000d}{section.16.2}% 127
\BOOKMARK [0][-]{chapter.17}{\376\377\000E\000i\000n\000f\000\374\000h\000r\000u\000n\000g}{part.2}% 128
\BOOKMARK [1][-]{section.17.1}{\376\377\000I\000n\000s\000t\000r\000u\000k\000t\000i\000o\000n}{chapter.17}% 129
\BOOKMARK [1][-]{section.17.2}{\376\377\000U\000n\000v\000o\000r\000h\000e\000r\000g\000e\000s\000e\000h\000e\000n\000e\000\040\000\304\000n\000d\000e\000r\000u\000n\000g\000e\000n}{chapter.17}% 130
\BOOKMARK [2][-]{subsection.17.2.1}{\376\377\000a\000p\000p\000l\000i\000c\000a\000t\000i\000o\000n\000.\000r\000b}{section.17.2}% 131
\BOOKMARK [2][-]{subsection.17.2.2}{\376\377\000\137\000l\000i\000s\000t\000.\000h\000t\000m\000l\000.\000h\000a\000m\000l}{section.17.2}% 132
\BOOKMARK [0][-]{chapter.18}{\376\377\000S\000p\000r\000i\000n\000t\000a\000b\000s\000c\000h\000l\000\374\000s\000s\000e}{part.2}% 133
\BOOKMARK [1][-]{section.18.1}{\376\377\000A\000b\000s\000c\000h\000l\000u\000s\000s\000\040\000S\000p\000r\000i\000n\000t\000\040\000I\000n\000i\000t\000i\000a\000l\000i\000s\000i\000e\000r\000u\000n\000g}{chapter.18}% 134
\BOOKMARK [2][-]{subsection.18.1.1}{\376\377\000B\000a\000c\000k\000l\000o\000g}{section.18.1}% 135
\BOOKMARK [1][-]{section.18.2}{\376\377\000A\000b\000s\000c\000h\000l\000u\000s\000s\000\040\000S\000p\000r\000i\000n\000t\000\040\000U\000m\000s\000e\000t\000z\000u\000n\000g}{chapter.18}% 136
\BOOKMARK [2][-]{subsection.18.2.1}{\376\377\000B\000a\000c\000k\000l\000o\000g}{section.18.2}% 137
\BOOKMARK [1][-]{section.18.3}{\376\377\000A\000b\000s\000c\000h\000l\000u\000s\000s\000\040\000S\000p\000r\000i\000n\000t\000\040\000F\000i\000n\000a\000l\000i\000s\000i\000e\000r\000u\000n\000g}{chapter.18}% 138
\BOOKMARK [2][-]{subsection.18.3.1}{\376\377\000B\000a\000c\000k\000l\000o\000g}{section.18.3}% 139
\BOOKMARK [-1][-]{part.3}{\376\377\000I\000I\000I\000\040\000A\000n\000h\000a\000n\000g\000\040\000u\000n\000d\000\040\000V\000e\000r\000z\000e\000i\000c\000h\000n\000i\000s\000e}{}% 140
\BOOKMARK [0][-]{chapter.19}{\376\377\000V\000e\000r\000z\000e\000i\000c\000h\000n\000i\000s\000e}{part.3}% 141
\BOOKMARK [1][-]{section.19.1}{\376\377\000C\000o\000d\000e}{chapter.19}% 142
\BOOKMARK [1][-]{section.19.2}{\376\377\000T\000a\000b\000e\000l\000l\000e\000n\000v\000e\000r\000z\000e\000i\000c\000h\000n\000i\000s}{chapter.19}% 143
\BOOKMARK [1][-]{section.19.3}{\376\377\000A\000b\000b\000i\000l\000d\000u\000n\000g\000s\000v\000e\000r\000z\000e\000i\000c\000h\000n\000i\000s}{chapter.19}% 144
\BOOKMARK [2][-]{chapter*.202}{\376\377\000Q\000u\000e\000l\000l\000e\000n\000v\000e\000r\000z\000e\000i\000c\000h\000n\000i\000s}{section.19.3}% 145
\BOOKMARK [0][-]{chapter.20}{\376\377\000V\000e\000r\000w\000e\000n\000d\000e\000t\000e\000\040\000A\000b\000k\000\374\000r\000z\000u\000n\000g\000e\000n}{part.3}% 146
\BOOKMARK [0][-]{chapter.21}{\376\377\000G\000l\000o\000s\000s\000a\000r}{part.3}% 147
\BOOKMARK [0][-]{chapter.22}{\376\377\000A\000n\000h\000\344\000n\000g\000e}{part.3}% 148
\BOOKMARK [1][-]{section.22.1}{\376\377\000G\000i\000t\000\040\000C\000o\000m\000m\000i\000t\000\040\000M\000e\000s\000s\000a\000g\000e\000\040\000C\000o\000n\000v\000e\000n\000t\000i\000o\000n}{chapter.22}% 149
\BOOKMARK [1][-]{section.22.2}{\376\377\000S\000i\000t\000z\000u\000n\000g\000s\000p\000r\000o\000t\000o\000k\000o\000l\000l\000e}{chapter.22}% 150
\BOOKMARK [2][-]{subsection.22.2.1}{\376\377\000S\000i\000t\000z\000u\000n\000g\000\040\0001}{section.22.2}% 151
\BOOKMARK [1][-]{section.22.3}{\376\377\000G\000i\000t\000\040\000c\000o\000m\000m\000i\000t\000\040\000c\000o\000n\000v\000e\000n\000t\000i\000o\000n}{chapter.22}% 152
\BOOKMARK [1][-]{section.22.4}{\376\377\000S\000e\000c\000u\000r\000i\000t\000y\000\040\000c\000o\000n\000v\000e\000n\000t\000i\000o\000n\000s}{chapter.22}% 153
